TN:
SF:appConfig.ts
FN:12,(anonymous_1)
FN:15,(anonymous_2)
FNF:2
FNH:2
FNDA:22,(anonymous_1)
FNDA:44,(anonymous_2)
DA:1,22
DA:12,22
DA:13,22
DA:15,22
DA:16,44
DA:17,22
DA:18,22
DA:20,0
DA:25,22
DA:29,22
DA:31,22
DA:33,22
LF:12
LH:11
BRDA:16,0,0,22
BRF:1
BRH:1
end_of_record
TN:
SF:src/app.ts
FNF:0
FNH:0
DA:1,12
DA:2,12
DA:3,12
DA:4,12
DA:5,12
DA:6,12
DA:8,12
DA:10,12
DA:12,12
DA:14,12
DA:16,12
DA:18,12
DA:20,12
DA:22,12
DA:24,12
LF:15
LH:15
BRF:0
BRH:0
end_of_record
TN:
SF:src/configs/logger.ts
FN:85,getStream
FNF:1
FNH:1
FNDA:88,getStream
DA:1,22
DA:2,22
DA:7,22
DA:8,22
DA:9,22
DA:11,22
DA:45,22
DA:53,22
DA:56,22
DA:66,22
DA:76,22
DA:94,88
DA:100,22
DA:102,22
DA:105,22
DA:107,22
DA:112,22
DA:117,22
DA:122,22
DA:135,22
DA:136,22
DA:145,22
DA:146,22
DA:156,22
DA:157,22
DA:158,22
DA:168,22
DA:180,22
LF:28
LH:28
BRDA:45,0,0,0
BRDA:45,1,0,22
BRDA:45,1,1,0
BRDA:49,2,0,0
BRDA:50,3,0,0
BRDA:51,4,0,0
BRDA:52,5,0,0
BRDA:100,6,0,0
BRDA:105,7,0,22
BRDA:105,7,1,0
BRDA:135,8,0,22
BRDA:145,9,0,22
BRDA:156,10,0,22
BRDA:157,11,0,0
BRDA:159,12,0,22
BRDA:159,12,1,0
BRDA:170,13,0,22
BRDA:170,13,1,0
BRF:18
BRH:7
end_of_record
TN:
SF:src/configs/queueing.ts
FN:10,start
FN:11,(anonymous_2)
FN:17,(anonymous_3)
FN:24,(anonymous_4)
FN:36,whenConnected
FN:41,startPublisher
FN:46,(anonymous_7)
FN:49,(anonymous_8)
FN:53,(anonymous_9)
FN:66,publish
FN:73,(anonymous_11)
FN:91,startWorker
FN:96,(anonymous_13)
FN:99,(anonymous_14)
FN:103,(anonymous_15)
FN:109,(anonymous_16)
FN:115,processJournalEntry
FN:120,(anonymous_18)
FN:132,closeOnErr
FNF:19
FNH:9
FNDA:12,start
FNDA:12,(anonymous_2)
FNDA:0,(anonymous_3)
FNDA:0,(anonymous_4)
FNDA:12,whenConnected
FNDA:12,startPublisher
FNDA:12,(anonymous_7)
FNDA:0,(anonymous_8)
FNDA:0,(anonymous_9)
FNDA:0,publish
FNDA:0,(anonymous_11)
FNDA:12,startWorker
FNDA:12,(anonymous_13)
FNDA:0,(anonymous_14)
FNDA:0,(anonymous_15)
FNDA:12,(anonymous_16)
FNDA:0,processJournalEntry
FNDA:0,(anonymous_18)
FNDA:36,closeOnErr
DA:1,12
DA:2,12
DA:3,12
DA:5,12
DA:7,12
DA:8,12
DA:11,12
DA:12,12
DA:13,0
DA:14,0
DA:17,12
DA:18,0
DA:19,0
DA:21,0
DA:24,12
DA:25,0
DA:26,0
DA:29,12
DA:30,12
DA:32,12
DA:37,12
DA:38,12
DA:42,12
DA:43,0
DA:44,0
DA:46,12
DA:47,12
DA:49,12
DA:50,0
DA:53,12
DA:54,0
DA:57,12
DA:59,12
DA:60,0
DA:61,0
DA:67,0
DA:68,0
DA:74,0
DA:75,0
DA:76,0
DA:77,0
DA:82,0
DA:83,0
DA:85,0
DA:92,12
DA:93,0
DA:94,0
DA:96,12
DA:97,12
DA:99,12
DA:100,0
DA:103,12
DA:104,0
DA:107,12
DA:109,12
DA:110,12
DA:111,12
DA:112,12
DA:116,0
DA:117,0
DA:118,0
DA:120,0
DA:121,0
DA:122,0
DA:123,0
DA:125,0
DA:133,36
DA:134,0
DA:135,0
DA:136,0
DA:138,0
DA:140,0
DA:142,36
DA:145,12
DA:147,12
LF:75
LH:36
BRDA:12,0,0,0
BRDA:18,1,0,0
BRDA:42,2,0,0
BRDA:47,3,0,0
BRDA:74,4,0,0
BRDA:82,5,0,0
BRDA:82,5,1,0
BRDA:92,6,0,0
BRDA:97,7,0,0
BRDA:110,8,0,0
BRDA:116,9,0,0
BRDA:122,10,0,0
BRDA:122,10,1,0
BRDA:133,11,0,0
BRDA:136,12,0,0
BRDA:136,12,1,0
BRDA:136,13,0,0
BRDA:136,13,1,0
BRF:18
BRH:0
end_of_record
TN:
SF:src/configs/redis.ts
FN:10,(anonymous_1)
FNF:1
FNH:0
FNDA:0,(anonymous_1)
DA:2,18
DA:4,18
DA:8,18
DA:10,18
DA:12,18
DA:13,18
LF:6
LH:6
BRF:0
BRH:0
end_of_record
TN:
SF:src/controllers/auth.controller.ts
FN:16,(anonymous_8)
FN:20,(anonymous_9)
FN:203,(anonymous_10)
FN:207,(anonymous_11)
FN:269,(anonymous_12)
FN:273,(anonymous_13)
FN:336,(anonymous_14)
FN:340,(anonymous_15)
FN:417,(anonymous_16)
FN:421,(anonymous_17)
FN:469,(anonymous_18)
FN:473,(anonymous_19)
FNF:12
FNH:12
FNDA:8,(anonymous_8)
FNDA:8,(anonymous_9)
FNDA:7,(anonymous_10)
FNDA:7,(anonymous_11)
FNDA:5,(anonymous_12)
FNDA:5,(anonymous_13)
FNDA:4,(anonymous_14)
FNDA:4,(anonymous_15)
FNDA:2,(anonymous_16)
FNDA:2,(anonymous_17)
FNDA:4,(anonymous_18)
FNDA:4,(anonymous_19)
DA:2,12
DA:3,12
DA:4,12
DA:5,12
DA:6,12
DA:7,12
DA:8,12
DA:10,12
DA:12,12
DA:13,12
DA:14,12
DA:16,12
DA:20,8
DA:21,8
DA:22,8
DA:23,8
DA:24,8
DA:25,8
DA:27,8
DA:41,7
DA:51,6
DA:53,6
DA:54,1
DA:58,5
DA:68,5
DA:69,1
DA:71,4
DA:73,4
DA:74,1
DA:80,1
DA:83,3
DA:84,3
DA:85,1
DA:95,1
DA:98,2
DA:103,2
DA:105,2
DA:106,2
DA:107,2
DA:108,2
DA:110,2
DA:117,2
DA:119,2
DA:121,1
DA:126,1
DA:130,1
DA:134,0
DA:139,1
DA:144,1
DA:147,2
DA:158,2
DA:160,2
DA:178,2
DA:191,2
DA:192,1
DA:197,1
DA:199,1
DA:203,12
DA:207,7
DA:208,7
DA:209,7
DA:211,7
DA:212,6
DA:213,1
DA:219,5
DA:221,5
DA:225,2
DA:227,3
DA:228,1
DA:230,2
DA:237,2
DA:239,1
DA:241,1
DA:245,1
DA:259,1
DA:265,1
DA:269,12
DA:273,5
DA:274,5
DA:275,5
DA:277,5
DA:278,5
DA:279,1
DA:281,4
DA:283,4
DA:284,1
DA:288,3
DA:291,1
DA:293,2
DA:295,2
DA:297,1
DA:298,1
DA:303,1
DA:317,1
DA:326,1
DA:332,0
DA:336,12
DA:340,4
DA:341,4
DA:342,4
DA:344,4
DA:352,4
DA:354,3
DA:357,3
DA:361,3
DA:365,1
DA:371,2
DA:373,2
DA:374,1
DA:378,1
DA:384,1
DA:385,1
DA:386,1
DA:388,1
DA:400,1
DA:409,1
DA:413,0
DA:417,12
DA:421,2
DA:422,2
DA:423,2
DA:424,2
DA:426,2
DA:427,2
DA:429,0
DA:430,0
DA:434,0
DA:443,0
DA:447,0
DA:463,0
DA:465,0
DA:469,12
DA:473,4
DA:474,4
DA:475,4
DA:477,4
DA:478,1
DA:482,4
DA:484,2
DA:486,3
LF:140
LH:130
BRDA:12,0,0,12
BRDA:12,0,1,0
BRDA:14,1,0,12
BRDA:14,1,1,0
BRDA:41,2,0,1
BRDA:53,3,0,1
BRDA:53,4,0,6
BRDA:53,4,1,5
BRDA:68,5,0,1
BRDA:73,6,0,1
BRDA:84,7,0,1
BRDA:103,8,0,2
BRDA:103,8,1,2
BRDA:107,9,0,2
BRDA:107,9,1,0
BRDA:117,10,0,1
BRDA:117,10,1,1
BRDA:117,11,0,2
BRDA:117,11,1,2
BRDA:117,12,0,1
BRDA:117,12,1,1
BRDA:117,13,0,2
BRDA:117,13,1,2
BRDA:119,14,0,1
BRDA:121,15,0,1
BRDA:121,15,1,0
BRDA:130,16,0,0
BRDA:131,17,0,1
BRDA:131,17,1,0
BRDA:149,18,0,1
BRDA:149,18,1,1
BRDA:161,19,0,1
BRDA:161,19,1,1
BRDA:191,20,0,1
BRDA:212,21,0,1
BRDA:221,22,0,2
BRDA:222,23,0,5
BRDA:222,23,1,4
BRDA:227,24,0,1
BRDA:237,25,0,1
BRDA:278,26,0,1
BRDA:283,27,0,1
BRDA:288,28,0,1
BRDA:295,29,0,1
BRDA:352,30,0,1
BRDA:358,31,0,3
BRDA:358,31,1,0
BRDA:361,32,0,1
BRDA:362,33,0,3
BRDA:362,33,1,1
BRDA:373,34,0,1
BRDA:427,35,0,2
BRDA:477,36,0,1
BRF:53
BRH:46
end_of_record
TN:
SF:src/controllers/journal.controller.ts
FN:11,(anonymous_8)
FN:15,(anonymous_9)
FN:33,(anonymous_10)
FN:37,(anonymous_11)
FN:69,(anonymous_12)
FN:73,(anonymous_13)
FN:98,(anonymous_14)
FN:102,(anonymous_15)
FN:132,(anonymous_16)
FN:136,(anonymous_17)
FN:154,(anonymous_18)
FN:158,(anonymous_19)
FN:189,(anonymous_20)
FN:193,(anonymous_21)
FN:218,(anonymous_22)
FN:222,(anonymous_23)
FN:252,(anonymous_24)
FN:256,(anonymous_25)
FN:269,(anonymous_26)
FN:279,(anonymous_27)
FN:305,(anonymous_28)
FN:309,(anonymous_29)
FN:334,(anonymous_30)
FN:347,(anonymous_31)
FN:375,(anonymous_32)
FN:379,(anonymous_33)
FN:399,(anonymous_34)
FN:403,(anonymous_35)
FN:429,(anonymous_36)
FN:433,(anonymous_37)
FNF:30
FNH:30
FNDA:1,(anonymous_8)
FNDA:1,(anonymous_9)
FNDA:2,(anonymous_10)
FNDA:2,(anonymous_11)
FNDA:1,(anonymous_12)
FNDA:1,(anonymous_13)
FNDA:2,(anonymous_14)
FNDA:2,(anonymous_15)
FNDA:1,(anonymous_16)
FNDA:1,(anonymous_17)
FNDA:2,(anonymous_18)
FNDA:2,(anonymous_19)
FNDA:1,(anonymous_20)
FNDA:1,(anonymous_21)
FNDA:2,(anonymous_22)
FNDA:2,(anonymous_23)
FNDA:3,(anonymous_24)
FNDA:3,(anonymous_25)
FNDA:2,(anonymous_26)
FNDA:2,(anonymous_27)
FNDA:2,(anonymous_28)
FNDA:2,(anonymous_29)
FNDA:2,(anonymous_30)
FNDA:2,(anonymous_31)
FNDA:3,(anonymous_32)
FNDA:3,(anonymous_33)
FNDA:4,(anonymous_34)
FNDA:4,(anonymous_35)
FNDA:4,(anonymous_36)
FNDA:4,(anonymous_37)
DA:2,12
DA:3,12
DA:8,12
DA:9,12
DA:11,12
DA:15,1
DA:16,1
DA:17,1
DA:18,1
DA:20,1
DA:27,1
DA:29,0
DA:33,12
DA:37,2
DA:38,2
DA:39,2
DA:40,2
DA:42,2
DA:44,2
DA:53,2
DA:54,1
DA:56,1
DA:63,1
DA:65,0
DA:69,12
DA:73,1
DA:74,1
DA:75,1
DA:76,1
DA:77,1
DA:83,1
DA:92,1
DA:94,0
DA:98,12
DA:102,2
DA:103,2
DA:104,2
DA:110,2
DA:114,2
DA:115,1
DA:120,1
DA:126,1
DA:128,0
DA:132,12
DA:136,1
DA:137,1
DA:138,1
DA:139,1
DA:141,1
DA:148,1
DA:150,0
DA:154,12
DA:158,2
DA:159,2
DA:160,2
DA:161,2
DA:163,2
DA:165,2
DA:174,2
DA:176,1
DA:183,1
DA:185,0
DA:189,12
DA:193,1
DA:194,1
DA:195,1
DA:196,1
DA:197,1
DA:203,1
DA:212,1
DA:214,0
DA:218,12
DA:222,2
DA:223,2
DA:224,2
DA:230,2
DA:234,2
DA:235,1
DA:240,1
DA:246,1
DA:248,0
DA:252,12
DA:256,3
DA:257,3
DA:258,3
DA:259,2
DA:260,2
DA:262,2
DA:269,2
DA:279,2
DA:297,1
DA:299,1
DA:301,2
DA:305,12
DA:309,2
DA:310,2
DA:317,2
DA:319,2
DA:320,0
DA:323,2
DA:325,2
DA:334,2
DA:347,2
DA:365,1
DA:367,1
DA:371,1
DA:375,12
DA:379,3
DA:380,3
DA:381,3
DA:383,3
DA:384,0
DA:386,3
DA:390,2
DA:391,1
DA:393,1
DA:395,1
DA:399,12
DA:403,4
DA:404,4
DA:405,4
DA:406,4
DA:408,4
DA:423,3
DA:425,1
DA:429,12
DA:433,4
DA:434,4
DA:435,4
DA:437,4
DA:438,1
DA:440,3
DA:452,2
DA:454,1
DA:456,1
LF:135
LH:125
BRDA:18,0,0,1
BRDA:18,1,0,1
BRDA:53,2,0,1
BRDA:114,3,0,1
BRDA:139,4,0,1
BRDA:139,5,0,1
BRDA:174,6,0,1
BRDA:234,7,0,1
BRDA:259,8,0,0
BRDA:259,9,0,0
BRDA:259,10,0,0
BRDA:314,11,0,0
BRDA:315,12,0,0
BRDA:319,13,0,0
BRDA:334,14,0,0
BRDA:334,14,1,2
BRDA:334,15,0,2
BRDA:334,15,1,2
BRDA:347,16,0,0
BRDA:347,16,1,2
BRDA:347,17,0,2
BRDA:347,17,1,2
BRDA:383,18,0,0
BRDA:390,19,0,1
BRDA:406,20,0,1
BRDA:406,21,0,1
BRDA:437,22,0,1
BRDA:452,23,0,1
BRF:28
BRH:19
end_of_record
TN:
SF:src/controllers/summary.controller.ts
FN:10,(anonymous_8)
FN:14,(anonymous_9)
FN:60,(anonymous_10)
FN:63,(anonymous_11)
FN:69,(anonymous_12)
FN:76,(anonymous_13)
FN:79,(anonymous_14)
FN:85,(anonymous_15)
FN:91,(anonymous_16)
FN:100,(anonymous_17)
FN:106,(anonymous_18)
FN:141,(anonymous_19)
FN:151,(anonymous_20)
FN:152,(anonymous_21)
FN:160,(anonymous_22)
FN:171,(anonymous_23)
FN:182,(anonymous_24)
FN:187,(anonymous_25)
FN:199,(anonymous_26)
FN:211,(anonymous_27)
FN:232,(anonymous_28)
FN:236,(anonymous_29)
FN:252,(anonymous_30)
FN:255,(anonymous_31)
FNF:24
FNH:6
FNDA:1,(anonymous_8)
FNDA:1,(anonymous_9)
FNDA:0,(anonymous_10)
FNDA:0,(anonymous_11)
FNDA:0,(anonymous_12)
FNDA:0,(anonymous_13)
FNDA:0,(anonymous_14)
FNDA:0,(anonymous_15)
FNDA:0,(anonymous_16)
FNDA:0,(anonymous_17)
FNDA:0,(anonymous_18)
FNDA:0,(anonymous_19)
FNDA:0,(anonymous_20)
FNDA:0,(anonymous_21)
FNDA:0,(anonymous_22)
FNDA:0,(anonymous_23)
FNDA:0,(anonymous_24)
FNDA:0,(anonymous_25)
FNDA:0,(anonymous_26)
FNDA:0,(anonymous_27)
FNDA:3,(anonymous_28)
FNDA:3,(anonymous_29)
FNDA:2,(anonymous_30)
FNDA:2,(anonymous_31)
DA:2,12
DA:4,12
DA:8,12
DA:10,12
DA:14,1
DA:15,1
DA:16,1
DA:18,1
DA:21,1
DA:25,1
DA:35,0
DA:37,0
DA:49,0
DA:59,0
DA:60,0
DA:63,0
DA:64,0
DA:65,0
DA:66,0
DA:69,0
DA:70,0
DA:71,0
DA:72,0
DA:75,0
DA:76,0
DA:79,0
DA:80,0
DA:81,0
DA:82,0
DA:85,0
DA:86,0
DA:87,0
DA:88,0
DA:91,0
DA:92,0
DA:93,0
DA:94,0
DA:96,0
DA:97,0
DA:100,0
DA:105,0
DA:107,0
DA:108,0
DA:109,0
DA:110,0
DA:112,0
DA:113,0
DA:114,0
DA:116,0
DA:127,0
DA:141,0
DA:142,0
DA:151,0
DA:152,0
DA:153,0
DA:160,0
DA:166,0
DA:168,0
DA:170,0
DA:171,0
DA:174,0
DA:182,0
DA:183,0
DA:184,0
DA:187,0
DA:192,0
DA:200,0
DA:202,0
DA:211,0
DA:226,0
DA:228,1
DA:232,12
DA:236,3
DA:237,3
DA:238,3
DA:239,3
DA:241,3
DA:252,2
DA:253,2
DA:255,2
DA:256,2
DA:259,2
DA:274,1
LF:83
LH:23
BRDA:18,0,0,1
BRDA:18,0,1,0
BRDA:21,1,0,1
BRDA:21,1,1,0
BRDA:35,2,0,0
BRDA:59,3,0,0
BRDA:59,3,1,0
BRDA:65,4,0,0
BRDA:65,4,1,0
BRDA:71,5,0,0
BRDA:71,5,1,0
BRDA:81,6,0,0
BRDA:81,6,1,0
BRDA:87,7,0,0
BRDA:87,7,1,0
BRDA:93,8,0,0
BRDA:108,9,0,0
BRDA:112,10,0,0
BRDA:155,11,0,0
BRDA:155,11,1,0
BRDA:174,12,0,0
BRDA:174,12,1,0
BRDA:184,13,0,0
BRDA:184,13,1,0
BRDA:195,14,0,0
BRDA:195,14,1,0
BRDA:201,15,0,0
BRDA:201,15,1,0
BRDA:253,16,0,0
BRDA:253,16,1,2
BRDA:256,17,0,1
BRDA:256,17,1,1
BRF:32
BRH:5
end_of_record
TN:
SF:src/controllers/user.controller.ts
FN:10,(anonymous_8)
FN:14,(anonymous_9)
FN:72,(anonymous_10)
FN:76,(anonymous_11)
FNF:4
FNH:4
FNDA:5,(anonymous_8)
FNDA:5,(anonymous_9)
FNDA:4,(anonymous_10)
FNDA:4,(anonymous_11)
DA:2,12
DA:3,12
DA:4,12
DA:5,12
DA:7,12
DA:8,12
DA:10,12
DA:14,5
DA:15,5
DA:16,5
DA:26,3
DA:28,3
DA:32,2
DA:33,1
DA:35,1
DA:37,1
DA:49,1
DA:50,1
DA:53,1
DA:65,1
DA:67,3
DA:72,12
DA:76,4
DA:77,4
DA:80,4
DA:91,4
DA:93,4
DA:95,4
DA:119,3
DA:124,1
LF:30
LH:30
BRDA:8,0,0,12
BRDA:8,0,1,0
BRDA:18,1,0,0
BRDA:24,2,0,0
BRDA:32,3,0,1
BRDA:49,4,0,1
BRDA:102,5,0,3
BRDA:102,5,1,1
BRDA:113,6,0,3
BRDA:113,6,1,1
BRF:10
BRH:7
end_of_record
TN:
SF:src/middlewares/errorHandler.middleware.ts
FN:5,(anonymous_1)
FN:13,(anonymous_2)
FNF:2
FNH:2
FNDA:17,(anonymous_1)
FNDA:8,(anonymous_2)
DA:2,12
DA:3,12
DA:5,12
DA:11,17
DA:12,17
DA:13,3
DA:14,8
DA:15,8
DA:18,3
DA:21,14
LF:10
LH:10
BRDA:12,0,0,3
BRDA:21,1,0,14
BRDA:21,1,1,14
BRDA:22,2,0,14
BRDA:22,2,1,0
BRF:5
BRH:4
end_of_record
TN:
SF:src/middlewares/morgan.middleware.ts
FN:46,(anonymous_1)
FN:49,(anonymous_2)
FN:87,(anonymous_3)
FNF:3
FNH:3
FNDA:87,(anonymous_1)
FNDA:87,(anonymous_2)
FNDA:87,(anonymous_3)
DA:1,12
DA:4,12
DA:5,12
DA:6,12
DA:9,12
DA:10,12
DA:12,12
DA:14,12
DA:15,0
DA:18,12
DA:46,87
DA:48,12
DA:54,87
DA:55,87
DA:57,87
DA:71,87
DA:72,14
DA:74,14
DA:75,73
DA:76,0
DA:79,73
DA:83,87
DA:88,87
DA:89,87
DA:90,87
DA:92,0
LF:26
LH:23
BRDA:14,0,0,0
BRDA:54,1,0,87
BRDA:54,1,1,0
BRDA:55,2,0,87
BRDA:55,2,1,0
BRDA:62,3,0,87
BRDA:62,3,1,0
BRDA:64,4,0,87
BRDA:64,4,1,0
BRDA:67,5,0,87
BRDA:67,5,1,87
BRDA:71,6,0,14
BRDA:71,6,1,73
BRDA:75,7,0,0
BRDA:75,7,1,73
BRF:15
BRH:9
end_of_record
TN:
SF:src/middlewares/security.middleware.ts
FNF:0
FNH:0
DA:1,12
DA:2,12
DA:4,12
DA:6,12
LF:4
LH:4
BRF:0
BRH:0
end_of_record
TN:
SF:src/routes/index.ts
FNF:0
FNH:0
DA:1,12
DA:2,12
DA:10,12
DA:11,12
DA:12,12
DA:13,12
DA:28,12
DA:29,12
DA:34,12
DA:36,12
DA:37,12
DA:39,12
DA:40,12
DA:47,12
DA:48,12
DA:49,12
DA:50,12
DA:51,12
DA:52,12
DA:54,12
DA:60,12
DA:66,12
DA:72,12
DA:78,12
DA:84,12
DA:90,12
DA:96,12
DA:102,12
DA:108,12
DA:114,12
DA:120,12
DA:126,12
DA:133,12
DA:139,12
DA:146,12
LF:35
LH:35
BRF:0
BRH:0
end_of_record
TN:
SF:src/services/functions.ts
FN:7,(anonymous_8)
FN:10,(anonymous_9)
FN:10,(anonymous_10)
FN:28,(anonymous_11)
FN:32,(anonymous_12)
FN:62,(anonymous_13)
FN:67,(anonymous_14)
FN:77,(anonymous_15)
FN:84,(anonymous_16)
FN:101,(anonymous_17)
FN:108,(anonymous_18)
FN:116,(anonymous_19)
FN:119,(anonymous_20)
FN:129,(anonymous_21)
FNF:14
FNH:2
FNDA:6,(anonymous_8)
FNDA:0,(anonymous_9)
FNDA:0,(anonymous_10)
FNDA:4,(anonymous_11)
FNDA:0,(anonymous_12)
FNDA:0,(anonymous_13)
FNDA:0,(anonymous_14)
FNDA:0,(anonymous_15)
FNDA:0,(anonymous_16)
FNDA:0,(anonymous_17)
FNDA:0,(anonymous_18)
FNDA:0,(anonymous_19)
FNDA:0,(anonymous_20)
FNDA:0,(anonymous_21)
DA:1,12
DA:2,12
DA:3,12
DA:5,12
DA:7,12
DA:8,6
DA:10,12
DA:11,0
DA:12,0
DA:14,0
DA:22,0
DA:24,0
DA:28,12
DA:29,4
DA:32,12
DA:33,0
DA:59,0
DA:62,12
DA:63,0
DA:67,12
DA:68,0
DA:69,0
DA:70,0
DA:71,0
DA:73,0
DA:77,12
DA:78,0
DA:79,0
DA:80,0
DA:81,0
DA:84,12
DA:85,0
DA:86,0
DA:87,0
DA:88,0
DA:90,0
DA:92,0
DA:101,12
DA:102,0
DA:103,0
DA:108,12
DA:109,0
DA:110,0
DA:111,0
DA:112,0
DA:113,0
DA:116,12
DA:117,0
DA:119,0
DA:120,0
DA:121,0
DA:122,0
DA:124,0
DA:125,0
DA:128,0
DA:129,0
DA:130,0
DA:131,0
DA:133,0
DA:134,0
DA:135,0
DA:136,0
DA:138,0
DA:142,0
LF:64
LH:17
BRDA:68,0,0,0
BRDA:68,0,1,0
BRDA:70,1,0,0
BRDA:70,1,1,0
BRDA:79,2,0,0
BRDA:79,3,0,0
BRDA:79,3,1,0
BRDA:80,4,0,0
BRDA:80,5,0,0
BRDA:80,5,1,0
BRDA:90,6,0,0
BRDA:90,6,1,0
BRDA:121,7,0,0
BRDA:133,8,0,0
BRDA:133,8,1,0
BRDA:135,9,0,0
BRDA:135,9,1,0
BRF:17
BRH:0
end_of_record
TN:
SF:src/services/openAi.ts
FN:11,(anonymous_8)
FN:11,(anonymous_9)
FN:44,(anonymous_10)
FN:51,(anonymous_11)
FN:97,generateTags
FN:103,(anonymous_13)
FN:108,(anonymous_14)
FN:109,(anonymous_15)
FN:110,(anonymous_16)
FN:112,(anonymous_17)
FN:117,(anonymous_18)
FN:117,(anonymous_19)
FN:146,(anonymous_20)
FN:146,(anonymous_21)
FN:165,(anonymous_22)
FN:165,(anonymous_23)
FN:201,(anonymous_24)
FN:204,(anonymous_25)
FN:205,(anonymous_26)
FN:214,(anonymous_27)
FN:214,(anonymous_28)
FNF:21
FNH:0
FNDA:0,(anonymous_8)
FNDA:0,(anonymous_9)
FNDA:0,(anonymous_10)
FNDA:0,(anonymous_11)
FNDA:0,generateTags
FNDA:0,(anonymous_13)
FNDA:0,(anonymous_14)
FNDA:0,(anonymous_15)
FNDA:0,(anonymous_16)
FNDA:0,(anonymous_17)
FNDA:0,(anonymous_18)
FNDA:0,(anonymous_19)
FNDA:0,(anonymous_20)
FNDA:0,(anonymous_21)
FNDA:0,(anonymous_22)
FNDA:0,(anonymous_23)
FNDA:0,(anonymous_24)
FNDA:0,(anonymous_25)
FNDA:0,(anonymous_26)
FNDA:0,(anonymous_27)
FNDA:0,(anonymous_28)
DA:1,12
DA:3,12
DA:4,12
DA:5,12
DA:7,12
DA:11,12
DA:12,0
DA:13,0
DA:20,0
DA:33,0
DA:37,0
DA:39,0
DA:40,0
DA:44,12
DA:51,0
DA:52,0
DA:53,0
DA:60,0
DA:74,0
DA:78,0
DA:80,0
DA:87,0
DA:88,0
DA:97,12
DA:98,0
DA:99,0
DA:101,0
DA:103,0
DA:104,0
DA:107,0
DA:108,0
DA:109,0
DA:110,0
DA:112,0
DA:114,0
DA:117,12
DA:118,0
DA:119,0
DA:135,0
DA:139,0
DA:141,0
DA:142,0
DA:146,12
DA:147,0
DA:148,0
DA:152,0
DA:157,0
DA:158,0
DA:160,0
DA:161,0
DA:165,12
DA:166,0
DA:167,0
DA:185,0
DA:189,0
DA:194,0
DA:196,0
DA:197,0
DA:201,12
DA:202,0
DA:204,0
DA:205,0
DA:206,0
DA:207,0
DA:211,0
DA:214,12
DA:215,0
DA:216,0
DA:220,0
DA:226,0
DA:228,0
DA:229,0
LF:72
LH:13
BRDA:33,0,0,0
BRDA:33,0,1,0
BRDA:74,1,0,0
BRDA:74,1,1,0
BRDA:81,2,0,0
BRDA:81,2,1,0
BRDA:82,3,0,0
BRDA:82,3,1,0
BRDA:83,4,0,0
BRDA:83,4,1,0
BRDA:84,5,0,0
BRDA:84,5,1,0
BRDA:104,6,0,0
BRDA:104,6,1,0
BRDA:108,7,0,0
BRDA:108,7,1,0
BRDA:135,8,0,0
BRDA:135,8,1,0
BRDA:185,9,0,0
BRDA:185,9,1,0
BRDA:207,10,0,0
BRDA:207,10,1,0
BRF:22
BRH:0
end_of_record
TN:
SF:src/services/redisUtil.ts
FN:24,(anonymous_8)
FN:28,(anonymous_9)
FN:46,(anonymous_10)
FN:46,(anonymous_11)
FN:66,(anonymous_12)
FN:73,(anonymous_13)
FN:121,(anonymous_14)
FN:121,(anonymous_15)
FN:142,(anonymous_16)
FN:142,(anonymous_17)
FNF:10
FNH:0
FNDA:0,(anonymous_8)
FNDA:0,(anonymous_9)
FNDA:0,(anonymous_10)
FNDA:0,(anonymous_11)
FNDA:0,(anonymous_12)
FNDA:0,(anonymous_13)
FNDA:0,(anonymous_14)
FNDA:0,(anonymous_15)
FNDA:0,(anonymous_16)
FNDA:0,(anonymous_17)
DA:1,12
DA:2,12
DA:3,12
DA:24,12
DA:28,0
DA:29,0
DA:30,0
DA:31,0
DA:32,0
DA:33,0
DA:35,0
DA:37,0
DA:38,0
DA:42,12
DA:46,0
DA:47,0
DA:48,0
DA:50,0
DA:55,0
DA:56,0
DA:59,0
DA:61,0
DA:63,0
DA:65,0
DA:67,0
DA:70,0
DA:72,0
DA:74,0
DA:77,0
DA:78,0
DA:81,0
DA:84,0
DA:85,0
DA:91,0
DA:94,0
DA:95,0
DA:96,0
DA:102,0
DA:108,0
DA:111,0
DA:113,0
DA:114,0
DA:121,0
DA:122,0
DA:123,0
DA:124,0
DA:125,0
DA:127,0
DA:129,0
DA:130,0
DA:142,0
DA:143,0
DA:144,0
DA:146,0
LF:54
LH:5
BRDA:27,0,0,0
BRDA:31,1,0,0
BRDA:31,1,1,0
BRDA:32,2,0,0
BRDA:35,3,0,0
BRDA:35,3,1,0
BRDA:48,4,0,0
BRDA:48,5,0,0
BRDA:48,5,1,0
BRDA:55,6,0,0
BRDA:55,6,1,0
BRDA:55,7,0,0
BRDA:55,7,1,0
BRDA:55,8,0,0
BRDA:55,8,1,0
BRDA:59,9,0,0
BRDA:59,9,1,0
BRDA:63,10,0,0
BRDA:63,10,1,0
BRDA:63,10,2,0
BRDA:63,10,3,0
BRDA:84,11,0,0
BRDA:84,11,1,0
BRDA:94,12,0,0
BRDA:94,12,1,0
BRDA:94,13,0,0
BRDA:94,13,1,0
BRDA:94,14,0,0
BRDA:94,14,1,0
BRDA:95,15,0,0
BRDA:95,15,1,0
BRDA:124,16,0,0
BRDA:127,17,0,0
BRDA:127,17,1,0
BRF:34
BRH:0
end_of_record
TN:
SF:src/services/workers.ts
FN:20,(anonymous_8)
FN:91,(anonymous_10)
FN:105,(anonymous_11)
FNF:3
FNH:0
FNDA:0,(anonymous_8)
FNDA:0,(anonymous_10)
FNDA:0,(anonymous_11)
DA:2,12
DA:3,12
DA:9,12
DA:10,12
DA:15,12
DA:17,12
DA:24,0
DA:25,0
DA:27,0
DA:29,0
DA:30,0
DA:43,0
DA:46,0
DA:51,0
DA:52,0
DA:54,0
DA:66,0
DA:68,0
DA:70,0
DA:74,0
DA:75,0
DA:77,0
DA:85,0
DA:86,0
DA:89,0
DA:90,0
DA:91,0
DA:103,0
DA:104,0
DA:105,0
DA:118,0
DA:127,0
DA:128,0
DA:136,0
DA:138,0
DA:169,0
DA:172,0
DA:176,12
LF:38
LH:7
BRDA:40,0,0,0
BRDA:41,1,0,0
BRDA:42,2,0,0
BRDA:43,3,0,0
BRDA:43,3,1,0
BRDA:46,4,0,0
BRDA:46,4,1,0
BRDA:71,5,0,0
BRDA:71,5,1,0
BRDA:71,6,0,0
BRDA:71,6,1,0
BRDA:74,7,0,0
BRDA:85,8,0,0
BRDA:85,8,1,0
BRDA:85,9,0,0
BRDA:85,9,1,0
BRDA:85,10,0,0
BRDA:85,10,1,0
BRDA:86,11,0,0
BRDA:86,11,1,0
BRDA:86,12,0,0
BRDA:86,12,1,0
BRDA:86,13,0,0
BRDA:86,13,1,0
BRDA:89,14,0,0
BRDA:89,15,0,0
BRDA:89,15,1,0
BRDA:91,16,0,0
BRDA:91,16,1,0
BRDA:91,17,0,0
BRDA:91,17,1,0
BRDA:103,18,0,0
BRDA:103,19,0,0
BRDA:103,19,1,0
BRDA:105,20,0,0
BRDA:105,20,1,0
BRDA:105,21,0,0
BRDA:105,21,1,0
BRDA:148,22,0,0
BRDA:148,22,1,0
BRDA:149,23,0,0
BRDA:149,23,1,0
BRDA:160,24,0,0
BRDA:160,24,1,0
BRDA:161,25,0,0
BRDA:161,25,1,0
BRF:46
BRH:0
end_of_record
TN:
SF:src/tests/util.ts
FNF:0
FNH:0
DA:1,12
DA:3,12
DA:8,12
DA:9,12
LF:4
LH:4
BRF:0
BRH:0
end_of_record
TN:
SF:src/tests/_mocks_/mockAuthMiddleware.ts
FN:5,(anonymous_0)
FN:6,(anonymous_1)
FN:22,(anonymous_2)
FN:22,(anonymous_3)
FNF:4
FNH:4
FNDA:12,(anonymous_0)
FNDA:51,(anonymous_1)
FNDA:192,(anonymous_2)
FNDA:36,(anonymous_3)
DA:3,12
DA:5,12
DA:7,51
DA:8,51
DA:9,8
DA:12,43
DA:14,43
DA:15,7
DA:18,36
DA:19,36
DA:22,192
DA:23,36
DA:24,36
DA:26,0
LF:14
LH:13
BRDA:8,0,0,8
BRDA:8,1,0,51
BRDA:8,1,1,43
BRDA:14,2,0,7
BRDA:23,3,0,36
BRDA:23,3,1,0
BRF:6
BRH:5
end_of_record
TN:
SF:src/validators/authValidator.ts
FNF:0
FNH:0
DA:1,12
DA:3,12
DA:8,12
LF:3
LH:3
BRF:0
BRH:0
end_of_record
TN:
SF:src/validators/journalValidator.ts
FNF:0
FNH:0
DA:1,12
DA:3,12
DA:12,12
DA:16,12
LF:4
LH:4
BRF:0
BRH:0
end_of_record
TN:
SF:src/validators/userValidator.ts
FNF:0
FNH:0
DA:1,12
DA:3,12
DA:31,12
LF:3
LH:3
BRF:0
BRH:0
end_of_record
